  Bat.cpp
g:\doangame-castlevania\game_16521562_16521454\castlevania\gameobject.h(4): fatal error C1083: Cannot open include file: 'd3dx9.h': No such file or directory
  BlackBoard.cpp
g:\doangame-castlevania\game_16521562_16521454\castlevania\blackboard.h(3): fatal error C1083: Cannot open include file: 'd3dx9.h': No such file or directory
  BossBat.cpp
g:\doangame-castlevania\game_16521562_16521454\castlevania\gameobject.h(4): fatal error C1083: Cannot open include file: 'd3dx9.h': No such file or directory
  Brick.cpp
g:\doangame-castlevania\game_16521562_16521454\castlevania\gameobject.h(4): fatal error C1083: Cannot open include file: 'd3dx9.h': No such file or directory
  Bullet.cpp
g:\doangame-castlevania\game_16521562_16521454\castlevania\gameobject.h(4): fatal error C1083: Cannot open include file: 'd3dx9.h': No such file or directory
  Candle.cpp
g:\doangame-castlevania\game_16521562_16521454\castlevania\gameobject.h(4): fatal error C1083: Cannot open include file: 'd3dx9.h': No such file or directory
  BreakingWall.cpp
g:\doangame-castlevania\game_16521562_16521454\castlevania\gameobject.h(4): fatal error C1083: Cannot open include file: 'd3dx9.h': No such file or directory
  Cell.cpp
g:\doangame-castlevania\game_16521562_16521454\castlevania\game.h(4): fatal error C1083: Cannot open include file: 'd3dx9.h': No such file or directory
  Heal.cpp
g:\doangame-castlevania\game_16521562_16521454\castlevania\textures.h(3): fatal error C1083: Cannot open include file: 'd3dx9.h': No such file or directory
  Monster.cpp
g:\doangame-castlevania\game_16521562_16521454\castlevania\gameobject.h(4): fatal error C1083: Cannot open include file: 'd3dx9.h': No such file or directory
  debug.cpp
  Door.cpp
g:\doangame-castlevania\game_16521562_16521454\castlevania\gameobject.h(4): fatal error C1083: Cannot open include file: 'd3dx9.h': No such file or directory
  EntranceLevel.cpp
g:\doangame-castlevania\game_16521562_16521454\castlevania\gameobject.h(4): fatal error C1083: Cannot open include file: 'd3dx9.h': No such file or directory
  Fishman.cpp
g:\doangame-castlevania\game_16521562_16521454\castlevania\gameobject.h(4): fatal error C1083: Cannot open include file: 'd3dx9.h': No such file or directory
  Game.cpp
g:\doangame-castlevania\game_16521562_16521454\castlevania\game.h(4): fatal error C1083: Cannot open include file: 'd3dx9.h': No such file or directory
  GameObject.cpp
g:\doangame-castlevania\game_16521562_16521454\castlevania\gameobject.cpp(1): fatal error C1083: Cannot open include file: 'd3dx9.h': No such file or directory
  Ghoul.cpp
g:\doangame-castlevania\game_16521562_16521454\castlevania\gameobject.h(4): fatal error C1083: Cannot open include file: 'd3dx9.h': No such file or directory
  HidenObject.cpp
g:\doangame-castlevania\game_16521562_16521454\castlevania\gameobject.h(4): fatal error C1083: Cannot open include file: 'd3dx9.h': No such file or directory
  InputImage.cpp
g:\doangame-castlevania\game_16521562_16521454\castlevania\textures.h(3): fatal error C1083: Cannot open include file: 'd3dx9.h': No such file or directory
  Items.cpp
g:\doangame-castlevania\game_16521562_16521454\castlevania\gameobject.h(4): fatal error C1083: Cannot open include file: 'd3dx9.h': No such file or directory
  Generating Code...
  Compiling...
  main.cpp
g:\doangame-castlevania\game_16521562_16521454\castlevania\main.cpp(5): fatal error C1083: Cannot open include file: 'd3dx9.h': No such file or directory
  Map.cpp
g:\doangame-castlevania\game_16521562_16521454\castlevania\gameobject.h(4): fatal error C1083: Cannot open include file: 'd3dx9.h': No such file or directory
  Panther.cpp
g:\doangame-castlevania\game_16521562_16521454\castlevania\gameobject.h(4): fatal error C1083: Cannot open include file: 'd3dx9.h': No such file or directory
  Resource.cpp
g:\doangame-castlevania\game_16521562_16521454\castlevania\textures.h(3): fatal error C1083: Cannot open include file: 'd3dx9.h': No such file or directory
  Simon.cpp
g:\doangame-castlevania\game_16521562_16521454\castlevania\gameobject.h(4): fatal error C1083: Cannot open include file: 'd3dx9.h': No such file or directory
  SplashEffect.cpp
g:\doangame-castlevania\game_16521562_16521454\castlevania\gameobject.h(4): fatal error C1083: Cannot open include file: 'd3dx9.h': No such file or directory
  Sprites.cpp
g:\doangame-castlevania\game_16521562_16521454\castlevania\sprites.h(3): fatal error C1083: Cannot open include file: 'd3dx9.h': No such file or directory
  Textures.cpp
g:\doangame-castlevania\game_16521562_16521454\castlevania\textures.cpp(4): fatal error C1083: Cannot open include file: 'd3dx9.h': No such file or directory
  TileMap.cpp
g:\doangame-castlevania\game_16521562_16521454\castlevania\sprites.h(3): fatal error C1083: Cannot open include file: 'd3dx9.h': No such file or directory
  Water.cpp
g:\doangame-castlevania\game_16521562_16521454\castlevania\gameobject.h(4): fatal error C1083: Cannot open include file: 'd3dx9.h': No such file or directory
  Whip.cpp
g:\doangame-castlevania\game_16521562_16521454\castlevania\gameobject.h(4): fatal error C1083: Cannot open include file: 'd3dx9.h': No such file or directory
  Generating Code...
